<?xml version="1.0" encoding="UTF-8"?>
<!-- Generated by org.testng.reporters.JUnitReportReporter -->
<testsuite hostname="Sheetal" failures="0" tests="1" name="testScipts.LoginTest" time="8.532" errors="0" timestamp="2025-07-28T09:20:58 PDT" skipped="0">
  <testcase classname="testScipts.LoginTest" name="loginTest1" time="8.532"/>
</testsuite> <!-- testScipts.LoginTest -->
