<?xml version="1.0" encoding="UTF-8"?>
<!-- Generated by org.testng.reporters.JUnitReportReporter -->
<testsuite hostname="Sheetal" failures="0" tests="6" name="testScipts.CreateUserTest" time="72.487" errors="0" timestamp="2025-07-28T16:17:34 PDT" skipped="0">
  <testcase classname="testScipts.CreateUserTest" name="testInvalidEmailValidation" time="8.156"/>
  <testcase classname="testScipts.CreateUserTest" name="testInvalidEmailValidation" time="9.106"/>
  <testcase classname="testScipts.CreateUserTest" name="testInvalidEmailValidation" time="8.519"/>
  <testcase classname="testScipts.CreateUserTest" name="testInvalidEmailValidation" time="28.770"/>
  <testcase classname="testScipts.CreateUserTest" name="testInvalidEmailValidation" time="8.893"/>
  <testcase classname="testScipts.CreateUserTest" name="testInvalidEmailValidation" time="9.043"/>
</testsuite> <!-- testScipts.CreateUserTest -->
