<?xml version="1.0" encoding="UTF-8"?>
<!-- Generated by org.testng.reporters.JUnitReportReporter -->
<testsuite hostname="Sheetal" failures="0" tests="1" name="testScipts.LoginTest" time="5.342" errors="0" timestamp="2025-07-25T07:47:29 PDT" skipped="0">
  <testcase classname="testScipts.LoginTest" name="loginTest1" time="5.342"/>
</testsuite> <!-- testScipts.LoginTest -->
