<?xml version="1.0" encoding="UTF-8"?>
<!-- Generated by org.testng.reporters.JUnitReportReporter -->
<testsuite hostname="Sheetal" failures="0" tests="5" name="testScipts.CreateUserTest" time="42.335" errors="0" timestamp="2025-07-31T16:46:49 PDT" skipped="0">
  <testcase classname="testScipts.CreateUserTest" name="testValidEmailValidation" time="8.861"/>
  <testcase classname="testScipts.CreateUserTest" name="testValidEmailValidation" time="8.720"/>
  <testcase classname="testScipts.CreateUserTest" name="testValidEmailValidation" time="7.692"/>
  <testcase classname="testScipts.CreateUserTest" name="testValidEmailValidation" time="8.362"/>
  <testcase classname="testScipts.CreateUserTest" name="testValidEmailValidation" time="8.700"/>
</testsuite> <!-- testScipts.CreateUserTest -->
