<?xml version="1.0" encoding="UTF-8"?>
<!-- Generated by org.testng.reporters.JUnitReportReporter -->
<testsuite hostname="Sheetal" failures="0" tests="1" name="testScipts.LoginTest" time="8.329" errors="0" timestamp="2025-07-28T14:13:18 PDT" skipped="0">
  <testcase classname="testScipts.LoginTest" name="loginTest1" time="8.329"/>
</testsuite> <!-- testScipts.LoginTest -->
