<?xml version="1.0" encoding="UTF-8"?>
<!-- Generated by org.testng.reporters.JUnitReportReporter -->
<testsuite hostname="Sheetal" failures="0" tests="3" name="testScipts.CreateUserTest" time="29.869" errors="0" timestamp="2025-07-31T08:05:12 PDT" skipped="0">
  <testcase classname="testScipts.CreateUserTest" name="createuserTCBPassword" time="10.005"/>
  <testcase classname="testScipts.CreateUserTest" name="createuserTCBUsername" time="9.821"/>
  <testcase classname="testScipts.CreateUserTest" name="createuserTCBEmail" time="10.043"/>
</testsuite> <!-- testScipts.CreateUserTest -->
